Started GET "/" for ::1 at 2019-07-01 15:14:31 -0500
Processing by Rails::WelcomeController#index as HTML
  Rendering /Users/noelirias/.rbenv/versions/2.6.0-dev/lib/ruby/gems/2.7.0/gems/railties-5.1.7/lib/rails/templates/rails/welcome/index.html.erb
  Rendered /Users/noelirias/.rbenv/versions/2.6.0-dev/lib/ruby/gems/2.7.0/gems/railties-5.1.7/lib/rails/templates/rails/welcome/index.html.erb (11.8ms)
Completed 200 OK in 633ms (Views: 36.1ms)


Started GET "/" for ::1 at 2019-07-21 21:20:45 -0500
Processing by Rails::WelcomeController#index as HTML
  Rendering /Users/noelirias/.rbenv/versions/2.6.0-dev/lib/ruby/gems/2.7.0/gems/railties-5.1.7/lib/rails/templates/rails/welcome/index.html.erb
  Rendered /Users/noelirias/.rbenv/versions/2.6.0-dev/lib/ruby/gems/2.7.0/gems/railties-5.1.7/lib/rails/templates/rails/welcome/index.html.erb (12.4ms)
Completed 200 OK in 1644ms (Views: 36.7ms)


Started GET "/" for 127.0.0.1 at 2019-08-16 00:22:17 -0500
Processing by Rails::WelcomeController#index as HTML
  Rendering /Users/noelirias/.rbenv/versions/2.6.3/lib/ruby/gems/2.6.0/gems/railties-5.1.7/lib/rails/templates/rails/welcome/index.html.erb
  Rendered /Users/noelirias/.rbenv/versions/2.6.3/lib/ruby/gems/2.6.0/gems/railties-5.1.7/lib/rails/templates/rails/welcome/index.html.erb (3.9ms)
Completed 200 OK in 379ms (Views: 9.4ms)


  [1m[35m (116.0ms)[0m  [1m[35mCREATE TABLE "schema_migrations" ("version" character varying NOT NULL PRIMARY KEY)[0m
  [1m[35m (46.8ms)[0m  [1m[35mCREATE TABLE "ar_internal_metadata" ("key" character varying NOT NULL PRIMARY KEY, "value" character varying, "created_at" timestamp NOT NULL, "updated_at" timestamp NOT NULL)[0m
  [1m[35m (6.7ms)[0m  [1m[34mSELECT pg_try_advisory_lock(7621452245401032780)[0m
  [1m[35m (6.1ms)[0m  [1m[34mSELECT "schema_migrations"."version" FROM "schema_migrations" ORDER BY "schema_migrations"."version" ASC[0m
Migrating to DeviseCreateUsers (20190901013824)
  [1m[35m (0.2ms)[0m  [1m[35mBEGIN[0m
  [1m[35m (52.5ms)[0m  [1m[35mCREATE TABLE "users" ("id" bigserial primary key, "email" character varying DEFAULT '' NOT NULL, "encrypted_password" character varying DEFAULT '' NOT NULL, "reset_password_token" character varying, "reset_password_sent_at" timestamp, "remember_created_at" timestamp, "created_at" timestamp NOT NULL, "updated_at" timestamp NOT NULL)[0m
  [1m[35m (21.4ms)[0m  [1m[35mCREATE UNIQUE INDEX  "index_users_on_email" ON "users"  ("email")[0m
  [1m[35m (1.2ms)[0m  [1m[35mCREATE UNIQUE INDEX  "index_users_on_reset_password_token" ON "users"  ("reset_password_token")[0m
  [1m[35mSQL (1.1ms)[0m  [1m[32mINSERT INTO "schema_migrations" ("version") VALUES ($1) RETURNING "version"[0m  [["version", "20190901013824"]]
  [1m[35m (0.8ms)[0m  [1m[35mCOMMIT[0m
  [1m[36mActiveRecord::InternalMetadata Load (0.5ms)[0m  [1m[34mSELECT  "ar_internal_metadata".* FROM "ar_internal_metadata" WHERE "ar_internal_metadata"."key" = $1 LIMIT $2[0m  [["key", "environment"], ["LIMIT", 1]]
  [1m[35m (0.3ms)[0m  [1m[35mBEGIN[0m
  [1m[35mSQL (0.7ms)[0m  [1m[32mINSERT INTO "ar_internal_metadata" ("key", "value", "created_at", "updated_at") VALUES ($1, $2, $3, $4) RETURNING "key"[0m  [["key", "environment"], ["value", "development"], ["created_at", "2019-09-01 01:39:27.209880"], ["updated_at", "2019-09-01 01:39:27.209880"]]
  [1m[35m (0.4ms)[0m  [1m[35mCOMMIT[0m
  [1m[35m (0.2ms)[0m  [1m[34mSELECT pg_advisory_unlock(7621452245401032780)[0m
  [1m[35m (0.4ms)[0m  [1m[34mSELECT "schema_migrations"."version" FROM "schema_migrations" ORDER BY "schema_migrations"."version" ASC[0m
